make all --print-data-base --no-builtin-variables --no-builtin-rules --question
# GNU Make 4.2.1
# Built for x86_64-pc-linux-gnu
# Copyright (C) 1988-2016 Free Software Foundation, Inc.
# License GPLv3+: GNU GPL version 3 or later <http://gnu.org/licenses/gpl.html>
# This is free software: you are free to change and redistribute it.
# There is NO WARRANTY, to the extent permitted by law.

# Make data base, printed on Fri Jun 16 16:53:03 2023

# Variables

# 'override' directive
GNUMAKEFLAGS := 
# automatic
<D = $(patsubst %/,%,$(dir $<))
# automatic
?F = $(notdir $?)
# environment
DESKTOP_SESSION = ubuntu
# default
.SHELLFLAGS := -c
# environment
XDG_SESSION_CLASS = user
# environment
VSCODE_CRASH_REPORTER_PROCESS_TYPE = extensionHost
# environment
SNAP_COMMON = /var/snap/code/common
# environment
XDG_SESSION_TYPE = x11
# automatic
?D = $(patsubst %/,%,$(dir $?))
# environment
IM_CONFIG_PHASE = 1
# automatic
@D = $(patsubst %/,%,$(dir $@))
# environment
XAUTHORITY = /run/user/1000/gdm/Xauthority
# environment
GDMSESSION = ubuntu
# environment
XMODIFIERS = @im=ibus
# makefile
CURDIR := /home/faaiq/Documents/URO/magang/tugas-besar-dagozilla
# makefile
SHELL = /bin/sh
# environment
SNAP_DATA = /var/snap/code/132
# environment
GIO_MODULE_DIR = /home/faaiq/snap/code/common/.cache/gio-modules
# environment
VSCODE_NLS_CONFIG = {"locale":"en-us","osLocale":"en-us","availableLanguages":{},"_languagePackSupport":true}
# environment
JOURNAL_STREAM = 8:48265
# environment
XDG_CONFIG_DIRS = /etc/xdg/xdg-ubuntu:/etc/xdg
# environment
SNAP_INSTANCE_NAME = code
# environment
SNAP_ARCH = amd64
# makefile
MAKEFILE_LIST := 
# automatic
@F = $(notdir $@)
# environment
GIO_LAUNCHED_DESKTOP_FILE = /var/lib/snapd/desktop/applications/code_code.desktop
# environment
USERNAME = faaiq
# environment
MAKELEVEL := 0
# environment
XDG_DATA_DIRS = /home/faaiq/snap/code/132/.local/share:/home/faaiq/snap/code/132:/snap/code/132/usr/share:/usr/share/ubuntu:/usr/local/share/:/usr/share/:/var/lib/snapd/desktop
# environment
DBUS_SESSION_BUS_ADDRESS = unix:path=/run/user/1000/bus
# environment
_ = /snap/code/132/usr/share/code/code
# environment
MANAGERPID = 1498
# environment
LC_NAME = id_ID.UTF-8
# environment
VSCODE_CWD = /home/faaiq
# environment
GSETTINGS_SCHEMA_DIR = /home/faaiq/snap/code/132/.local/share/glib-2.0/schemas
# default
MAKE_HOST := x86_64-pc-linux-gnu
# environment
PATH = /home/faaiq/.local/bin:/usr/local/sbin:/usr/local/bin:/usr/sbin:/usr/bin:/sbin:/bin:/usr/games:/usr/local/games:/snap/bin
# environment
GPG_AGENT_INFO = /run/user/1000/gnupg/S.gpg-agent:0:1
# environment
LSCOLORS = Gxfxcxdxbxegedabagacad
# environment
SESSION_MANAGER = local/faaiq-VivoBook-ASUSLaptop-X421EQY-K413EQ:@/tmp/.ICE-unix/1759,unix/faaiq-VivoBook-ASUSLaptop-X421EQY-K413EQ:/tmp/.ICE-unix/1759
# environment
XDG_RUNTIME_DIR = /run/user/1000
# environment
GDK_PIXBUF_MODULE_FILE = /home/faaiq/snap/code/common/.cache/gdk-pixbuf-loaders.cache
# environment
SNAP = /snap/code/132
# environment
SNAP_LAUNCHER_ARCH_TRIPLET = x86_64-linux-gnu
# environment
SNAP_VERSION = 695af097
# environment
XDG_MENU_PREFIX = gnome-
# environment
ELECTRON_RUN_AS_NODE = 1
# environment
INVOCATION_ID = 30f753174eae4bebbddf26f9b40b76f8
# environment
GDK_PIXBUF_MODULEDIR = /snap/code/132/usr/lib/x86_64-linux-gnu/gdk-pixbuf-2.0/2.10.0/loaders
# default
.FEATURES := target-specific order-only second-expansion else-if shortest-stem undefine oneshell archives jobserver output-sync check-symlink load
# environment
ELECTRON_NO_ATTACH_CONSOLE = 1
# environment
XDG_SESSION_DESKTOP = ubuntu
# environment
SSH_AUTH_SOCK = /run/user/1000/keyring/ssh
# environment
GIO_LAUNCHED_DESKTOP_FILE_PID = 14536
# automatic
%F = $(notdir $%)
# environment
DISPLAY = :1
# environment
PWD = /home/faaiq/Documents/URO/magang/tugas-besar-dagozilla
# default
.LOADED := 
# environment
GTK_PATH = /snap/code/132/usr/lib/x86_64-linux-gnu/gtk-3.0
# environment
SSH_AGENT_PID = 1722
# environment
PKG_CONFIG_PATH = :/usr/local/lib/pkgconfig
# environment
ORIGINAL_XDG_CURRENT_DESKTOP = ubuntu:GNOME
# environment
GTK_MODULES = gail:atk-bridge
# environment
VSCODE_AMD_ENTRYPOINT = vs/workbench/api/node/extensionHostProcess
# environment
HOME = /home/faaiq
# environment
VSCODE_CLI = 1
# environment
VSCODE_CODE_CACHE_PATH = /home/faaiq/.config/Code/CachedData/695af097c7bd098fbf017ce3ac85e09bbc5dda06
# environment
LOGNAME = faaiq
# environment
APPLICATION_INSIGHTS_NO_DIAGNOSTIC_CHANNEL = 1
# environment
SNAP_LIBRARY_PATH = /var/lib/snapd/lib/gl:/var/lib/snapd/lib/gl32:/var/lib/snapd/void
# environment
SNAP_CONTEXT = 5l9eU6_Bgire4aLL1XvOkLfoKdYHpeq0Pdaanqqj7-2bSfIR_zVQ
# automatic
+F = $(notdir $+)
# environment
ZSH = /home/faaiq/.oh-my-zsh
# environment
SNAP_USER_COMMON = /home/faaiq/snap/code/common
# environment
VSCODE_HANDLES_UNCAUGHT_ERRORS = true
# environment
GNOME_DESKTOP_SESSION_ID = this-is-deprecated
# automatic
^D = $(patsubst %/,%,$(dir $^))
# environment
LC_TIME = id_ID.UTF-8
# environment
SNAP_REAL_HOME = /home/faaiq
# default
MAKE = $(MAKE_COMMAND)
# default
MAKECMDGOALS := all
# environment
QT_IM_MODULE = ibus
# environment
SNAP_USER_DATA = /home/faaiq/snap/code/132
# environment
SHLVL = 0
# environment
GNOME_SHELL_SESSION_MODE = ubuntu
# default
MAKE_VERSION := 4.2.1
# environment
USER = faaiq
# environment
SNAP_REVISION = 132
# environment
LC_MONETARY = id_ID.UTF-8
# makefile
.DEFAULT_GOAL := 
# environment
XDG_CURRENT_DESKTOP = Unity
# environment
LESS = -R
# automatic
%D = $(patsubst %/,%,$(dir $%))
# environment
LC_TELEPHONE = id_ID.UTF-8
# default
MAKE_COMMAND := make
# environment
OLDPWD = /home/faaiq
# default
.VARIABLES := 
# automatic
*F = $(notdir $*)
# environment
GTK_EXE_PREFIX = /snap/code/132/usr
# environment
VSCODE_IPC_HOOK = /run/user/1000/vscode-a3a8ebc5-1.79-main.sock
# environment
BAMF_DESKTOP_FILE_HINT = /var/lib/snapd/desktop/applications/code_code.desktop
# makefile
MAKEFLAGS = pqrR
# environment
MFLAGS = -pqrR
# automatic
*D = $(patsubst %/,%,$(dir $*))
# environment
GTK_IM_MODULE_FILE = /home/faaiq/snap/code/common/.cache/immodules/immodules.cache
# automatic
+D = $(patsubst %/,%,$(dir $+))
# environment
VSCODE_L10N_BUNDLE_LOCATION = 
# environment
GDK_BACKEND = x11
# environment
LC_PAPER = id_ID.UTF-8
# environment
LC_IDENTIFICATION = id_ID.UTF-8
# environment
QT_ACCESSIBILITY = 1
# default
MAKEFILES := 
# environment
SNAP_COOKIE = 5l9eU6_Bgire4aLL1XvOkLfoKdYHpeq0Pdaanqqj7-2bSfIR_zVQ
# environment
LC_NUMERIC = id_ID.UTF-8
# automatic
<F = $(notdir $<)
# environment
LC_MEASUREMENT = id_ID.UTF-8
# environment
SNAP_NAME = code
# environment
PAGER = less
# environment
LC_ALL = C
# environment
GJS_DEBUG_TOPICS = JS ERROR;JS LOG
# automatic
^F = $(notdir $^)
# default
SUFFIXES := 
# environment
CHROME_DESKTOP = code-url-handler.desktop
# environment
WINDOWPATH = 2
# environment
LOCPATH = /snap/code/132/usr/lib/locale
# default
.INCLUDE_DIRS = /usr/include /usr/local/include /usr/include
# environment
GJS_DEBUG_OUTPUT = stderr
# default
.RECIPEPREFIX := 
# environment
LC_ADDRESS = id_ID.UTF-8
# environment
LANG = C
# environment
VSCODE_PID = 14579
# variable set hash-table stats:
# Load=132/1024=13%, Rehash=0, Collisions=24/154=16%

# Pattern-specific Variable Values
 
make: *** No rule to make target 'all'.  Stop.


# No pattern-specific variable values.

# Directories

# . (device 66311, inode 3939980): 10 files, no impossibilities.

# 10 files, no impossibilities in 1 directories.

# Implicit Rules

# No implicit rules.

# Files

# Not a target:
all:
#  Command line target.
#  Implicit rule search has been done.
#  File does not exist.
#  File has not been updated.

# Not a target:
Makefile:
#  Implicit rule search has been done.
#  File does not exist.
#  File has been updated.
#  Failed to be updated.

# Not a target:
makefile:
#  Implicit rule search has been done.
#  File does not exist.
#  File has been updated.
#  Failed to be updated.

# Not a target:
.DEFAULT:
#  Implicit rule search has not been done.
#  Modification time never checked.
#  File has not been updated.

# Not a target:
GNUmakefile:
#  Implicit rule search has been done.
#  File does not exist.
#  File has been updated.
#  Failed to be updated.

# files hash-table stats:
# Load=6/1024=1%, Rehash=0, Collisions=0/15=0%
# VPATH Search Paths

# No 'vpath' search paths.

# No general ('VPATH' variable) search path.

# strcache buffers: 1 (0) / strings = 18 / storage = 158 B / avg = 8 B
# current buf: size = 8162 B / used = 158 B / count = 18 / avg = 8 B

# strcache performance: lookups = 21 / hit rate = 14%
# hash-table stats:
# Load=18/8192=0%, Rehash=0, Collisions=1/21=5%
# Finished Make data base on Fri Jun 16 16:53:03 2023

 
